<?xml version="1.0" encoding="UTF-8"?>
<testng-results skipped="0" failed="0" ignored="0" total="1" passed="1">
  <reporter-output>
  </reporter-output>
  <suite name="Default suite" duration-ms="15614" started-at="2018-04-11T06:03:14Z" finished-at="2018-04-11T06:03:29Z">
    <groups>
    </groups>
    <test name="Default test" duration-ms="15614" started-at="2018-04-11T06:03:14Z" finished-at="2018-04-11T06:03:29Z">
      <class name="scripts.SampleTest">
        <test-method status="PASS" signature="launchBrowser(java.lang.String)[pri:0, instance:scripts.SampleTest@7a187f14]" name="launchBrowser" is-config="true" duration-ms="10018" started-at="2018-04-11T11:33:14Z" finished-at="2018-04-11T11:33:24Z">
          <params>
            <param index="0">
              <value>
                <![CDATA[chrome]]>
              </value>
            </param>
          </params>
          <reporter-output>
          </reporter-output>
        </test-method> <!-- launchBrowser -->
        <test-method status="PASS" signature="f()[pri:0, instance:scripts.SampleTest@7a187f14]" name="f" duration-ms="2616" started-at="2018-04-11T11:33:24Z" finished-at="2018-04-11T11:33:26Z">
          <reporter-output>
          </reporter-output>
        </test-method> <!-- f -->
        <test-method status="PASS" signature="closeBrowser()[pri:0, instance:scripts.SampleTest@7a187f14]" name="closeBrowser" is-config="true" duration-ms="2967" started-at="2018-04-11T11:33:26Z" finished-at="2018-04-11T11:33:29Z">
          <reporter-output>
          </reporter-output>
        </test-method> <!-- closeBrowser -->
      </class> <!-- scripts.SampleTest -->
    </test> <!-- Default test -->
  </suite> <!-- Default suite -->
</testng-results>
